This is pdfTeX, Version 3.1415926-2.3-1.40.12 (MiKTeX 2.9) (preloaded format=pdflatex 2017.6.3)  14 JUL 2017 21:38
entering extended mode
**elsarticle-taojiang.tex
("D:\Tao\Documents\Latex Project\elsarticle\elsarticle-taojiang.tex"
LaTeX2e <2011/06/27>
Babel <v3.8m> and hyphenation patterns for loaded.
("D:\Tao\Documents\Latex Project\elsarticle\elsarticle.cls"
Document Class: elsarticle 2009/09/17, 1.2.0: Elsevier Ltd
\@bls=\dimen102
(D:\CTEX\MiKTeX\tex\latex\base\article.cls
Document Class: article 2007/10/19 v1.4h Standard LaTeX document class
(D:\CTEX\MiKTeX\tex\latex\base\size12.clo
File: size12.clo 2007/10/19 v1.4h Standard LaTeX file (size option)
)
\c@part=\count79
\c@section=\count80
\c@subsection=\count81
\c@subsubsection=\count82
\c@paragraph=\count83
\c@subparagraph=\count84
\c@figure=\count85
\c@table=\count86
\abovecaptionskip=\skip41
\belowcaptionskip=\skip42
\bibindent=\dimen103
)
(D:\CTEX\MiKTeX\tex\latex\graphics\graphicx.sty
Package: graphicx 1999/02/16 v1.0f Enhanced LaTeX Graphics (DPC,SPQR)

(D:\CTEX\MiKTeX\tex\latex\graphics\keyval.sty
Package: keyval 1999/03/16 v1.13 key=value parser (DPC)
\KV@toks@=\toks14
)
(D:\CTEX\MiKTeX\tex\latex\graphics\graphics.sty
Package: graphics 2009/02/05 v1.0o Standard LaTeX Graphics (DPC,SPQR)

(D:\CTEX\MiKTeX\tex\latex\graphics\trig.sty
Package: trig 1999/03/16 v1.09 sin cos tan (DPC)
)
(D:\CTEX\MiKTeX\tex\latex\00miktex\graphics.cfg
File: graphics.cfg 2007/01/18 v1.5 graphics configuration of teTeX/TeXLive
)
Package graphics Info: Driver file: pdftex.def on input line 91.

(D:\CTEX\MiKTeX\tex\latex\pdftex-def\pdftex.def
File: pdftex.def 2011/05/27 v0.06d Graphics/color for pdfTeX

(D:\CTEX\MiKTeX\tex\generic\oberdiek\infwarerr.sty
Package: infwarerr 2010/04/08 v1.3 Providing info/warning/message (HO)
)
(D:\CTEX\MiKTeX\tex\generic\oberdiek\ltxcmds.sty
Package: ltxcmds 2011/04/18 v1.20 LaTeX kernel commands for general use (HO)
)
\Gread@gobject=\count87
))
\Gin@req@height=\dimen104
\Gin@req@width=\dimen105
)
(D:\CTEX\MiKTeX\tex\latex\psnfss\pifont.sty
Package: pifont 2005/04/12 PSNFSS-v9.2a Pi font support (SPQR) 
LaTeX Font Info:    Try loading font information for U+pzd on input line 63.

(D:\CTEX\MiKTeX\tex\latex\psnfss\upzd.fd
File: upzd.fd 2001/06/04 font definitions for U/pzd.
)
LaTeX Font Info:    Try loading font information for U+psy on input line 64.

(D:\CTEX\MiKTeX\tex\latex\psnfss\upsy.fd
File: upsy.fd 2001/06/04 font definitions for U/psy.
))
\c@tnote=\count88
\c@fnote=\count89
\c@cnote=\count90
\c@ead=\count91
\c@author=\count92
\@eadauthor=\toks15
\c@affn=\count93
\absbox=\box26
\keybox=\box27
\Columnwidth=\dimen106
\space@left=\dimen107
\els@boxa=\box28
\els@boxb=\box29
\leftMargin=\dimen108
\@enLab=\toks16
\@sep=\skip43
\@@sep=\skip44

("D:\Tao\Documents\Latex Project\elsarticle\elsarticle-taojiang.spl")
("D:\Tao\Documents\Latex Project\elsarticle\natbib.sty"
Package: natbib 1998/07/14 6.8c (PWD)
\bibhang=\skip45
\bibsep=\skip46
LaTeX Info: Redefining \cite on input line 467.
\c@NAT@ctr=\count94
)
\splwrite=\write3
)
(D:\CTEX\MiKTeX\tex\latex\amsfonts\amssymb.sty
Package: amssymb 2009/06/22 v3.00

(D:\CTEX\MiKTeX\tex\latex\amsfonts\amsfonts.sty
Package: amsfonts 2009/06/22 v3.00 Basic AMSFonts support
\@emptytoks=\toks17
\symAMSa=\mathgroup4
\symAMSb=\mathgroup5
LaTeX Font Info:    Overwriting math alphabet `\mathfrak' in version `bold'
(Font)                  U/euf/m/n --> U/euf/b/n on input line 96.
))
(D:\CTEX\MiKTeX\tex\latex\hyperref\hyperref.sty
Package: hyperref 2012/02/06 v6.82o Hypertext links for LaTeX

(D:\CTEX\MiKTeX\tex\generic\oberdiek\hobsub-hyperref.sty
Package: hobsub-hyperref 2011/04/23 v1.4 Bundle oberdiek, subset hyperref (HO)

(D:\CTEX\MiKTeX\tex\generic\oberdiek\hobsub-generic.sty
Package: hobsub-generic 2011/04/23 v1.4 Bundle oberdiek, subset generic (HO)
Package: hobsub 2011/04/23 v1.4 Subsetting bundle oberdiek (HO)
Package hobsub Info: Skipping package `infwarerr' (already loaded).
Package hobsub Info: Skipping package `ltxcmds' (already loaded).
Package: ifluatex 2010/03/01 v1.3 Provides the ifluatex switch (HO)
Package ifluatex Info: LuaTeX not detected.
Package: ifvtex 2010/03/01 v1.5 Switches for detecting VTeX and its modes (HO)
Package ifvtex Info: VTeX not detected.
Package: intcalc 2007/09/27 v1.1 Expandable integer calculations (HO)
Package: ifpdf 2011/01/30 v2.3 Provides the ifpdf switch (HO)
Package ifpdf Info: pdfTeX in PDF mode is detected.
Package: etexcmds 2011/02/16 v1.5 Prefix for e-TeX command names (HO)
Package etexcmds Info: Could not find \expanded.
(etexcmds)             That can mean that you are not using pdfTeX 1.50 or
(etexcmds)             that some package has redefined \expanded.
(etexcmds)             In the latter case, load this package earlier.
Package: kvsetkeys 2011/04/07 v1.13 Key value parser (HO)
Package: kvdefinekeys 2011/04/07 v1.3 Defining keys (HO)
Package: pdftexcmds 2011/04/22 v0.16 Utilities of pdfTeX for LuaTeX (HO)
Package pdftexcmds Info: LuaTeX not detected.
Package pdftexcmds Info: \pdf@primitive is available.
Package pdftexcmds Info: \pdf@ifprimitive is available.
Package pdftexcmds Info: \pdfdraftmode found.
Package: pdfescape 2011/04/04 v1.12 Provides string conversions (HO)
Package: bigintcalc 2011/01/30 v1.2 Expandable big integer calculations (HO)
Package: bitset 2011/01/30 v1.1 Data type bit set (HO)
Package: uniquecounter 2011/01/30 v1.2 Provides unlimited unique counter (HO)
)
Package hobsub Info: Skipping package `hobsub' (already loaded).
Package: letltxmacro 2010/09/02 v1.4 Let assignment for LaTeX macros (HO)
Package: hopatch 2011/01/30 v1.0 Wrapper for package hooks (HO)
Package: xcolor-patch 2011/01/30 xcolor patch
Package: atveryend 2011/04/23 v1.7 Hooks at very end of document (HO)
Package: atbegshi 2011/01/30 v1.15 At begin shipout hook (HO)
Package: refcount 2010/12/01 v3.2 Data extraction from references (HO)
Package: hycolor 2011/01/30 v1.7 Color options of hyperref/bookmark (HO)
)
(D:\CTEX\MiKTeX\tex\generic\ifxetex\ifxetex.sty
Package: ifxetex 2010/09/12 v0.6 Provides ifxetex conditional
)
(D:\CTEX\MiKTeX\tex\latex\oberdiek\kvoptions.sty
Package: kvoptions 2010/12/23 v3.10 Keyval support for LaTeX options (HO)
)
\@linkdim=\dimen109
\Hy@linkcounter=\count95
\Hy@pagecounter=\count96

(D:\CTEX\MiKTeX\tex\latex\hyperref\pd1enc.def
File: pd1enc.def 2012/02/06 v6.82o Hyperref: PDFDocEncoding definition (HO)
)
\Hy@SavedSpaceFactor=\count97

(D:\CTEX\MiKTeX\tex\latex\00miktex\hyperref.cfg
File: hyperref.cfg 2002/06/06 v1.2 hyperref configuration of TeXLive
)
Package hyperref Info: Option `colorlinks' set `true' on input line 3925.
Package hyperref Info: Hyper figures OFF on input line 4046.
Package hyperref Info: Link nesting OFF on input line 4051.
Package hyperref Info: Hyper index ON on input line 4054.
Package hyperref Info: Plain pages OFF on input line 4061.
Package hyperref Info: Backreferencing OFF on input line 4066.
Package hyperref Info: Implicit mode ON; LaTeX internals redefined.
Package hyperref Info: Bookmarks ON on input line 4284.
\c@Hy@tempcnt=\count98

(D:\CTEX\MiKTeX\tex\latex\ltxmisc\url.sty
\Urlmuskip=\muskip10
Package: url 2006/04/12  ver 3.3  Verb mode for urls, etc.
)
LaTeX Info: Redefining \url on input line 4637.
\Fld@menulength=\count99
\Field@Width=\dimen110
\Fld@charsize=\dimen111
Package hyperref Info: Hyper figures OFF on input line 5757.
Package hyperref Info: Link nesting OFF on input line 5762.
Package hyperref Info: Hyper index ON on input line 5765.
Package hyperref Info: backreferencing OFF on input line 5772.
Package hyperref Info: Link coloring ON on input line 5775.
Package hyperref Info: Link coloring with OCG OFF on input line 5782.
Package hyperref Info: PDF/A mode OFF on input line 5787.
LaTeX Info: Redefining \ref on input line 5827.
LaTeX Info: Redefining \pageref on input line 5831.
\Hy@abspage=\count100
\c@Item=\count101
\c@Hfootnote=\count102
)

Package hyperref Message: Driver (autodetected): hpdftex.

(D:\CTEX\MiKTeX\tex\latex\hyperref\hpdftex.def
File: hpdftex.def 2012/02/06 v6.82o Hyperref driver for pdfTeX
\Fld@listcount=\count103
\c@bookmark@seq@number=\count104

(D:\CTEX\MiKTeX\tex\latex\oberdiek\rerunfilecheck.sty
Package: rerunfilecheck 2011/04/15 v1.7 Rerun checks for auxiliary files (HO)
Package uniquecounter Info: New unique counter `rerunfilecheck' on input line 2
82.
)
\Hy@SectionHShift=\skip47
)
(D:\CTEX\MiKTeX\tex\latex\lineno\lineno.sty
Package: lineno 2005/11/02 line numbers on paragraphs v4.41
\linenopenalty=\count105
\output=\toks18
\linenoprevgraf=\count106
\linenumbersep=\dimen112
\linenumberwidth=\dimen113
\c@linenumber=\count107
\c@pagewiselinenumber=\count108
\c@LN@truepage=\count109
\c@internallinenumber=\count110
\c@internallinenumbers=\count111
\quotelinenumbersep=\dimen114
\bframerule=\dimen115
\bframesep=\dimen116
\bframebox=\box30
LaTeX Info: Redefining \\ on input line 3056.
)
(D:\CTEX\MiKTeX\tex\latex\mh\mathtools.sty
Package: mathtools 2011/04/06 v1.11 mathematical typesetting tools

(D:\CTEX\MiKTeX\tex\latex\tools\calc.sty
Package: calc 2007/08/22 v4.3 Infix arithmetic (KKT,FJ)
\calc@Acount=\count112
\calc@Bcount=\count113
\calc@Adimen=\dimen117
\calc@Bdimen=\dimen118
\calc@Askip=\skip48
\calc@Bskip=\skip49
LaTeX Info: Redefining \setlength on input line 76.
LaTeX Info: Redefining \addtolength on input line 77.
\calc@Ccount=\count114
\calc@Cskip=\skip50
)
(D:\CTEX\MiKTeX\tex\latex\mh\mhsetup.sty
Package: mhsetup 2010/01/21 v1.2a programming setup (MH)
)
(D:\CTEX\MiKTeX\tex\latex\ams\math\amsmath.sty
Package: amsmath 2000/07/18 v2.13 AMS math features
\@mathmargin=\skip51

For additional information on amsmath, use the `?' option.
(D:\CTEX\MiKTeX\tex\latex\ams\math\amstext.sty
Package: amstext 2000/06/29 v2.01

(D:\CTEX\MiKTeX\tex\latex\ams\math\amsgen.sty
File: amsgen.sty 1999/11/30 v2.0
\@emptytoks=\toks19
\ex@=\dimen119
))
(D:\CTEX\MiKTeX\tex\latex\ams\math\amsbsy.sty
Package: amsbsy 1999/11/29 v1.2d
\pmbraise@=\dimen120
)
(D:\CTEX\MiKTeX\tex\latex\ams\math\amsopn.sty
Package: amsopn 1999/12/14 v2.01 operator names
)
\inf@bad=\count115
LaTeX Info: Redefining \frac on input line 211.
\uproot@=\count116
\leftroot@=\count117
LaTeX Info: Redefining \overline on input line 307.
\classnum@=\count118
\DOTSCASE@=\count119
LaTeX Info: Redefining \ldots on input line 379.
LaTeX Info: Redefining \dots on input line 382.
LaTeX Info: Redefining \cdots on input line 467.
\Mathstrutbox@=\box31
\strutbox@=\box32
\big@size=\dimen121
LaTeX Font Info:    Redeclaring font encoding OML on input line 567.
LaTeX Font Info:    Redeclaring font encoding OMS on input line 568.
\macc@depth=\count120
\c@MaxMatrixCols=\count121
\dotsspace@=\muskip11
\c@parentequation=\count122
\dspbrk@lvl=\count123
\tag@help=\toks20
\row@=\count124
\column@=\count125
\maxfields@=\count126
\andhelp@=\toks21
\eqnshift@=\dimen122
\alignsep@=\dimen123
\tagshift@=\dimen124
\tagwidth@=\dimen125
\totwidth@=\dimen126
\lineht@=\dimen127
\@envbody=\toks22
\multlinegap=\skip52
\multlinetaggap=\skip53
\mathdisplay@stack=\toks23
LaTeX Info: Redefining \[ on input line 2666.
LaTeX Info: Redefining \] on input line 2667.
)
\g_MT_multlinerow_int=\count127
\l_MT_multwidth_dim=\dimen128
\origjot=\skip54
\l_MT_shortvdotswithinadjustabove_dim=\dimen129
\l_MT_shortvdotswithinadjustbelow_dim=\dimen130
)
(D:\CTEX\MiKTeX\tex\latex\commath\commath.sty
(D:\CTEX\MiKTeX\tex\latex\base\ifthen.sty
Package: ifthen 2001/05/26 v1.1c Standard LaTeX ifthen package (DPC)
))
(D:\CTEX\MiKTeX\tex\latex\tools\multicol.sty
Package: multicol 2011/06/27 v1.7a multicolumn formatting (FMi)
\c@tracingmulticols=\count128
\mult@box=\box33
\multicol@leftmargin=\dimen131
\c@unbalance=\count129
\c@collectmore=\count130
\doublecol@number=\count131
\multicoltolerance=\count132
\multicolpretolerance=\count133
\full@width=\dimen132
\page@free=\dimen133
\premulticols=\dimen134
\postmulticols=\dimen135
\multicolsep=\skip55
\multicolbaselineskip=\skip56
\partial@page=\box34
\last@line=\box35
\mult@rightbox=\box36
\mult@grightbox=\box37
\mult@gfirstbox=\box38
\mult@firstbox=\box39
\@tempa=\box40
\@tempa=\box41
\@tempa=\box42
\@tempa=\box43
\@tempa=\box44
\@tempa=\box45
\@tempa=\box46
\@tempa=\box47
\@tempa=\box48
\@tempa=\box49
\@tempa=\box50
\@tempa=\box51
\@tempa=\box52
\@tempa=\box53
\@tempa=\box54
\@tempa=\box55
\@tempa=\box56
\c@columnbadness=\count134
\c@finalcolumnbadness=\count135
\last@try=\dimen136
\multicolovershoot=\dimen137
\multicolundershoot=\dimen138
\mult@nat@firstbox=\box57
\colbreak@box=\box58
\multicol@sort@counter=\count136
)
("D:\Tao\Documents\Latex Project\elsarticle\elsarticle-taojiang.aux")
LaTeX Font Info:    Checking defaults for OML/cmm/m/it on input line 76.
LaTeX Font Info:    ... okay on input line 76.
LaTeX Font Info:    Checking defaults for T1/cmr/m/n on input line 76.
LaTeX Font Info:    ... okay on input line 76.
LaTeX Font Info:    Checking defaults for OT1/cmr/m/n on input line 76.
LaTeX Font Info:    ... okay on input line 76.
LaTeX Font Info:    Checking defaults for OMS/cmsy/m/n on input line 76.
LaTeX Font Info:    ... okay on input line 76.
LaTeX Font Info:    Checking defaults for OMX/cmex/m/n on input line 76.
LaTeX Font Info:    ... okay on input line 76.
LaTeX Font Info:    Checking defaults for U/cmr/m/n on input line 76.
LaTeX Font Info:    ... okay on input line 76.
LaTeX Font Info:    Checking defaults for PD1/pdf/m/n on input line 76.
LaTeX Font Info:    ... okay on input line 76.

(D:\CTEX\MiKTeX\tex\context\base\supp-pdf.mkii
[Loading MPS to PDF converter (version 2006.09.02).]
\scratchcounter=\count137
\scratchdimen=\dimen139
\scratchbox=\box59
\nofMPsegments=\count138
\nofMParguments=\count139
\everyMPshowfont=\toks24
\MPscratchCnt=\count140
\MPscratchDim=\dimen140
\MPnumerator=\count141
\makeMPintoPDFobject=\count142
\everyMPtoPDFconversion=\toks25
)
\AtBeginShipoutBox=\box60
 (D:\CTEX\MiKTeX\tex\latex\graphics\color.sty
Package: color 2005/11/14 v1.0j Standard LaTeX Color (DPC)

(D:\CTEX\MiKTeX\tex\latex\00miktex\color.cfg
File: color.cfg 2007/01/18 v1.5 color configuration of teTeX/TeXLive
)
Package color Info: Driver file: pdftex.def on input line 130.
)
Package hyperref Info: Link coloring ON on input line 76.

(D:\CTEX\MiKTeX\tex\latex\hyperref\nameref.sty
Package: nameref 2010/04/30 v2.40 Cross-referencing by name of section

(D:\CTEX\MiKTeX\tex\generic\oberdiek\gettitlestring.sty
Package: gettitlestring 2010/12/03 v1.4 Cleanup title references (HO)
)
\c@section@level=\count143
)
LaTeX Info: Redefining \ref on input line 76.
LaTeX Info: Redefining \pageref on input line 76.
LaTeX Info: Redefining \nameref on input line 76.

("D:\Tao\Documents\Latex Project\elsarticle\elsarticle-taojiang.out")
("D:\Tao\Documents\Latex Project\elsarticle\elsarticle-taojiang.out")
\@outlinefile=\write4
LaTeX Font Info:    Try loading font information for U+msa on input line 138.

(D:\CTEX\MiKTeX\tex\latex\amsfonts\umsa.fd
File: umsa.fd 2009/06/22 v3.00 AMS symbols A
)
LaTeX Font Info:    Try loading font information for U+msb on input line 138.

(D:\CTEX\MiKTeX\tex\latex\amsfonts\umsb.fd
File: umsb.fd 2009/06/22 v3.00 AMS symbols B
) [1


{D:/CTEX/UserData/pdftex/config/pdftex.map{Unicode.sfd}{UGBK.sfd}}] [2]

pdfTeX warning: pdflatex.exe (file D:/Tao/Documents/Latex Project/elsarticle/fi
gures/Fig1.pdf): PDF inclusion: found PDF version <1.6>, but at most version <1
.5> allowed
<figures/Fig1.pdf, id=98, 311.832pt x 183.25665pt>
File: figures/Fig1.pdf Graphic file (type pdf)
 <use figures/Fig1.pdf>
Package pdftex.def Info: figures/Fig1.pdf used on input line 166.
(pdftex.def)             Requested size: 227.62204pt x 133.76784pt.

[3 <D:/Tao/Documents/Latex Project/elsarticle/figures/Fig1.pdf>]
<figures/Fig2.pdf, id=159, 558.75449pt x 115.097pt>
File: figures/Fig2.pdf Graphic file (type pdf)
 <use figures/Fig2.pdf>
Package pdftex.def Info: figures/Fig2.pdf used on input line 208.
(pdftex.def)             Requested size: 398.33858pt x 82.05312pt.

Overfull \hbox (8.33858pt too wide) in paragraph at lines 208--209
 [][] 
 []

[4] ("D:\Tao\Documents\Latex Project\elsarticle\elsarticle-taojiang.bbl"
[5 <D:/Tao/Documents/Latex Project/elsarticle/figures/Fig2.pdf>] [6])
Package atveryend Info: Empty hook `BeforeClearDocument' on input line 252.
 [7]
Package atveryend Info: Empty hook `AfterLastShipout' on input line 252.

("D:\Tao\Documents\Latex Project\elsarticle\elsarticle-taojiang.aux")
Package atveryend Info: Executing hook `AtVeryEndDocument' on input line 252.
Package atveryend Info: Executing hook `AtEndAfterFileList' on input line 252.


Package rerunfilecheck Warning: File `elsarticle-taojiang.out' has changed.
(rerunfilecheck)                Rerun to get outlines right
(rerunfilecheck)                or use package `bookmark'.

Package rerunfilecheck Info: Checksums for `elsarticle-taojiang.out':
(rerunfilecheck)             Before: FE8D51A7B7B6F082665785D7B2E8568C;1740
(rerunfilecheck)             After:  5925F178C77FD6B0603BCA56AA243907;486.
 ) 
Here is how much of TeX's memory you used:
 7157 strings out of 495354
 99947 string characters out of 3183860
 199444 words of memory out of 3000000
 10177 multiletter control sequences out of 15000+200000
 13142 words of font info for 50 fonts, out of 3000000 for 9000
 14 hyphenation exceptions out of 8191
 34i,17n,34p,2645b,454s stack positions out of 5000i,500n,10000p,200000b,50000s
<D:/CTEX/MiKTeX/fonts/type1/public/amsfonts/cm/cmbx12.pfb><D:/CTEX/MiKTeX/fon
ts/type1/public/amsfonts/cm/cmmi10.pfb><D:/CTEX/MiKTeX/fonts/type1/public/amsfo
nts/cm/cmmi12.pfb><D:/CTEX/MiKTeX/fonts/type1/public/amsfonts/cm/cmmi8.pfb><D:/
CTEX/MiKTeX/fonts/type1/public/amsfonts/cm/cmr10.pfb><D:/CTEX/MiKTeX/fonts/type
1/public/amsfonts/cm/cmr12.pfb><D:/CTEX/MiKTeX/fonts/type1/public/amsfonts/cm/c
mr17.pfb><D:/CTEX/MiKTeX/fonts/type1/public/amsfonts/cm/cmr8.pfb><D:/CTEX/MiKTe
X/fonts/type1/public/amsfonts/cm/cmsl12.pfb><D:/CTEX/MiKTeX/fonts/type1/public/
amsfonts/cm/cmss8.pfb><D:/CTEX/MiKTeX/fonts/type1/public/amsfonts/cm/cmsy10.pfb
><D:/CTEX/MiKTeX/fonts/type1/public/amsfonts/cm/cmsy7.pfb><D:/CTEX/MiKTeX/fonts
/type1/public/amsfonts/cm/cmsy8.pfb><D:/CTEX/MiKTeX/fonts/type1/public/amsfonts
/cm/cmti10.pfb><D:/CTEX/MiKTeX/fonts/type1/public/amsfonts/cm/cmti12.pfb><D:/CT
EX/MiKTeX/fonts/type1/public/amsfonts/cm/cmti7.pfb><D:/CTEX/MiKTeX/fonts/type1/
public/amsfonts/cm/cmtt10.pfb>
Output written on elsarticle-taojiang.pdf (7 pages, 1102427 bytes).
PDF statistics:
 309 PDF objects out of 1000 (max. 8388607)
 48 named destinations out of 1000 (max. 500000)
 75 words of extra memory for PDF output out of 10000 (max. 10000000)

