This is pdfTeX, Version 3.1415926-2.3-1.40.12 (MiKTeX 2.9) (preloaded format=pdflatex 2017.6.3)  14 JUL 2017 16:11
entering extended mode
**elsarticle-template-harv.tex
("D:\Tao\Documents\Latex Project\elsarticle\elsarticle-template-harv.tex"
LaTeX2e <2011/06/27>
Babel <v3.8m> and hyphenation patterns for loaded.
("D:\Tao\Documents\Latex Project\elsarticle\elsarticle.cls"
Document Class: elsarticle 2009/09/17, 1.2.0: Elsevier Ltd
\@bls=\dimen102
(D:\CTEX\MiKTeX\tex\latex\base\article.cls
Document Class: article 2007/10/19 v1.4h Standard LaTeX document class
(D:\CTEX\MiKTeX\tex\latex\base\size12.clo
File: size12.clo 2007/10/19 v1.4h Standard LaTeX file (size option)
)
\c@part=\count79
\c@section=\count80
\c@subsection=\count81
\c@subsubsection=\count82
\c@paragraph=\count83
\c@subparagraph=\count84
\c@figure=\count85
\c@table=\count86
\abovecaptionskip=\skip41
\belowcaptionskip=\skip42
\bibindent=\dimen103
)
(D:\CTEX\MiKTeX\tex\latex\graphics\graphicx.sty
Package: graphicx 1999/02/16 v1.0f Enhanced LaTeX Graphics (DPC,SPQR)

(D:\CTEX\MiKTeX\tex\latex\graphics\keyval.sty
Package: keyval 1999/03/16 v1.13 key=value parser (DPC)
\KV@toks@=\toks14
)
(D:\CTEX\MiKTeX\tex\latex\graphics\graphics.sty
Package: graphics 2009/02/05 v1.0o Standard LaTeX Graphics (DPC,SPQR)

(D:\CTEX\MiKTeX\tex\latex\graphics\trig.sty
Package: trig 1999/03/16 v1.09 sin cos tan (DPC)
)
(D:\CTEX\MiKTeX\tex\latex\00miktex\graphics.cfg
File: graphics.cfg 2007/01/18 v1.5 graphics configuration of teTeX/TeXLive
)
Package graphics Info: Driver file: pdftex.def on input line 91.

(D:\CTEX\MiKTeX\tex\latex\pdftex-def\pdftex.def
File: pdftex.def 2011/05/27 v0.06d Graphics/color for pdfTeX

(D:\CTEX\MiKTeX\tex\generic\oberdiek\infwarerr.sty
Package: infwarerr 2010/04/08 v1.3 Providing info/warning/message (HO)
)
(D:\CTEX\MiKTeX\tex\generic\oberdiek\ltxcmds.sty
Package: ltxcmds 2011/04/18 v1.20 LaTeX kernel commands for general use (HO)
)
\Gread@gobject=\count87
))
\Gin@req@height=\dimen104
\Gin@req@width=\dimen105
)
(D:\CTEX\MiKTeX\tex\latex\psnfss\pifont.sty
Package: pifont 2005/04/12 PSNFSS-v9.2a Pi font support (SPQR) 
LaTeX Font Info:    Try loading font information for U+pzd on input line 63.

(D:\CTEX\MiKTeX\tex\latex\psnfss\upzd.fd
File: upzd.fd 2001/06/04 font definitions for U/pzd.
)
LaTeX Font Info:    Try loading font information for U+psy on input line 64.

(D:\CTEX\MiKTeX\tex\latex\psnfss\upsy.fd
File: upsy.fd 2001/06/04 font definitions for U/psy.
))
\c@tnote=\count88
\c@fnote=\count89
\c@cnote=\count90
\c@ead=\count91
\c@author=\count92
\@eadauthor=\toks15
\c@affn=\count93
\absbox=\box26
\keybox=\box27
\Columnwidth=\dimen106
\space@left=\dimen107
\els@boxa=\box28
\els@boxb=\box29
\leftMargin=\dimen108
\@enLab=\toks16
\@sep=\skip43
\@@sep=\skip44

("D:\Tao\Documents\Latex Project\elsarticle\elsarticle-template-harv.spl")
("D:\Tao\Documents\Latex Project\elsarticle\natbib.sty"
Package: natbib 1998/07/14 6.8c (PWD)
\bibhang=\skip45
\bibsep=\skip46
LaTeX Info: Redefining \cite on input line 467.
\c@NAT@ctr=\count94
)
\splwrite=\write3
)
(D:\CTEX\MiKTeX\tex\latex\amsfonts\amssymb.sty
Package: amssymb 2009/06/22 v3.00

(D:\CTEX\MiKTeX\tex\latex\amsfonts\amsfonts.sty
Package: amsfonts 2009/06/22 v3.00 Basic AMSFonts support
\@emptytoks=\toks17
\symAMSa=\mathgroup4
\symAMSb=\mathgroup5
LaTeX Font Info:    Overwriting math alphabet `\mathfrak' in version `bold'
(Font)                  U/euf/m/n --> U/euf/b/n on input line 96.
))
(D:\CTEX\MiKTeX\tex\latex\hyperref\hyperref.sty
Package: hyperref 2012/02/06 v6.82o Hypertext links for LaTeX

(D:\CTEX\MiKTeX\tex\generic\oberdiek\hobsub-hyperref.sty
Package: hobsub-hyperref 2011/04/23 v1.4 Bundle oberdiek, subset hyperref (HO)

(D:\CTEX\MiKTeX\tex\generic\oberdiek\hobsub-generic.sty
Package: hobsub-generic 2011/04/23 v1.4 Bundle oberdiek, subset generic (HO)
Package: hobsub 2011/04/23 v1.4 Subsetting bundle oberdiek (HO)
Package hobsub Info: Skipping package `infwarerr' (already loaded).
Package hobsub Info: Skipping package `ltxcmds' (already loaded).
Package: ifluatex 2010/03/01 v1.3 Provides the ifluatex switch (HO)
Package ifluatex Info: LuaTeX not detected.
Package: ifvtex 2010/03/01 v1.5 Switches for detecting VTeX and its modes (HO)
Package ifvtex Info: VTeX not detected.
Package: intcalc 2007/09/27 v1.1 Expandable integer calculations (HO)
Package: ifpdf 2011/01/30 v2.3 Provides the ifpdf switch (HO)
Package ifpdf Info: pdfTeX in PDF mode is detected.
Package: etexcmds 2011/02/16 v1.5 Prefix for e-TeX command names (HO)
Package etexcmds Info: Could not find \expanded.
(etexcmds)             That can mean that you are not using pdfTeX 1.50 or
(etexcmds)             that some package has redefined \expanded.
(etexcmds)             In the latter case, load this package earlier.
Package: kvsetkeys 2011/04/07 v1.13 Key value parser (HO)
Package: kvdefinekeys 2011/04/07 v1.3 Defining keys (HO)
Package: pdftexcmds 2011/04/22 v0.16 Utilities of pdfTeX for LuaTeX (HO)
Package pdftexcmds Info: LuaTeX not detected.
Package pdftexcmds Info: \pdf@primitive is available.
Package pdftexcmds Info: \pdf@ifprimitive is available.
Package pdftexcmds Info: \pdfdraftmode found.
Package: pdfescape 2011/04/04 v1.12 Provides string conversions (HO)
Package: bigintcalc 2011/01/30 v1.2 Expandable big integer calculations (HO)
Package: bitset 2011/01/30 v1.1 Data type bit set (HO)
Package: uniquecounter 2011/01/30 v1.2 Provides unlimited unique counter (HO)
)
Package hobsub Info: Skipping package `hobsub' (already loaded).
Package: letltxmacro 2010/09/02 v1.4 Let assignment for LaTeX macros (HO)
Package: hopatch 2011/01/30 v1.0 Wrapper for package hooks (HO)
Package: xcolor-patch 2011/01/30 xcolor patch
Package: atveryend 2011/04/23 v1.7 Hooks at very end of document (HO)
Package: atbegshi 2011/01/30 v1.15 At begin shipout hook (HO)
Package: refcount 2010/12/01 v3.2 Data extraction from references (HO)
Package: hycolor 2011/01/30 v1.7 Color options of hyperref/bookmark (HO)
)
(D:\CTEX\MiKTeX\tex\generic\ifxetex\ifxetex.sty
Package: ifxetex 2010/09/12 v0.6 Provides ifxetex conditional
)
(D:\CTEX\MiKTeX\tex\latex\oberdiek\kvoptions.sty
Package: kvoptions 2010/12/23 v3.10 Keyval support for LaTeX options (HO)
)
\@linkdim=\dimen109
\Hy@linkcounter=\count95
\Hy@pagecounter=\count96

(D:\CTEX\MiKTeX\tex\latex\hyperref\pd1enc.def
File: pd1enc.def 2012/02/06 v6.82o Hyperref: PDFDocEncoding definition (HO)
)
\Hy@SavedSpaceFactor=\count97

(D:\CTEX\MiKTeX\tex\latex\00miktex\hyperref.cfg
File: hyperref.cfg 2002/06/06 v1.2 hyperref configuration of TeXLive
)
Package hyperref Info: Option `colorlinks' set `true' on input line 3925.
Package hyperref Info: Hyper figures OFF on input line 4046.
Package hyperref Info: Link nesting OFF on input line 4051.
Package hyperref Info: Hyper index ON on input line 4054.
Package hyperref Info: Plain pages OFF on input line 4061.
Package hyperref Info: Backreferencing OFF on input line 4066.
Package hyperref Info: Implicit mode ON; LaTeX internals redefined.
Package hyperref Info: Bookmarks ON on input line 4284.
\c@Hy@tempcnt=\count98

(D:\CTEX\MiKTeX\tex\latex\ltxmisc\url.sty
\Urlmuskip=\muskip10
Package: url 2006/04/12  ver 3.3  Verb mode for urls, etc.
)
LaTeX Info: Redefining \url on input line 4637.
\Fld@menulength=\count99
\Field@Width=\dimen110
\Fld@charsize=\dimen111
Package hyperref Info: Hyper figures OFF on input line 5757.
Package hyperref Info: Link nesting OFF on input line 5762.
Package hyperref Info: Hyper index ON on input line 5765.
Package hyperref Info: backreferencing OFF on input line 5772.
Package hyperref Info: Link coloring ON on input line 5775.
Package hyperref Info: Link coloring with OCG OFF on input line 5782.
Package hyperref Info: PDF/A mode OFF on input line 5787.
LaTeX Info: Redefining \ref on input line 5827.
LaTeX Info: Redefining \pageref on input line 5831.
\Hy@abspage=\count100
\c@Item=\count101
\c@Hfootnote=\count102
)

Package hyperref Message: Driver (autodetected): hpdftex.

(D:\CTEX\MiKTeX\tex\latex\hyperref\hpdftex.def
File: hpdftex.def 2012/02/06 v6.82o Hyperref driver for pdfTeX
\Fld@listcount=\count103
\c@bookmark@seq@number=\count104

(D:\CTEX\MiKTeX\tex\latex\oberdiek\rerunfilecheck.sty
Package: rerunfilecheck 2011/04/15 v1.7 Rerun checks for auxiliary files (HO)
Package uniquecounter Info: New unique counter `rerunfilecheck' on input line 2
82.
)
\Hy@SectionHShift=\skip47
)
(D:\CTEX\MiKTeX\tex\latex\lineno\lineno.sty
Package: lineno 2005/11/02 line numbers on paragraphs v4.41
\linenopenalty=\count105
\output=\toks18
\linenoprevgraf=\count106
\linenumbersep=\dimen112
\linenumberwidth=\dimen113
\c@linenumber=\count107
\c@pagewiselinenumber=\count108
\c@LN@truepage=\count109
\c@internallinenumber=\count110
\c@internallinenumbers=\count111
\quotelinenumbersep=\dimen114
\bframerule=\dimen115
\bframesep=\dimen116
\bframebox=\box30
LaTeX Info: Redefining \\ on input line 3056.
)
(D:\CTEX\MiKTeX\tex\latex\oberdiek\epstopdf.sty
Package: epstopdf 2010/02/09 v2.5 Conversion with epstopdf on the fly (HO)

(D:\CTEX\MiKTeX\tex\latex\oberdiek\epstopdf-base.sty
Package: epstopdf-base 2010/02/09 v2.5 Base part for package epstopdf

(D:\CTEX\MiKTeX\tex\latex\oberdiek\grfext.sty
Package: grfext 2010/08/19 v1.1 Managing graphics extensions (HO)
)
Package grfext Info: Graphics extension search list:
(grfext)             [.png,.pdf,.jpg,.mps,.jpeg,.jbig2,.jb2,.PNG,.PDF,.JPG,.JPE
G,.JBIG2,.JB2,.eps]
(grfext)             \AppendGraphicsExtensions on input line 452.
))
(D:\CTEX\MiKTeX\tex\latex\pst-plot\pst-plot.sty
Package: pst-plot 2011/06/05 v1.00 LaTeX wrapper for `pst-plot' (HV)

(D:\CTEX\MiKTeX\tex\latex\pstricks\pstricks.sty
Package: pstricks 2011/10/31 v0.52 LaTeX wrapper for `PSTricks' (RN,HV)

(D:\CTEX\MiKTeX\tex\generic\pstricks\base\pstricks.tex
(D:\CTEX\MiKTeX\tex\generic\xkeyval\pst-xkey.tex
File: pst-xkey.tex 2005/11/25 v1.6 PSTricks specialization of xkeyval (HA)

(D:\CTEX\MiKTeX\tex\latex\xkeyval\xkeyval.sty
Package: xkeyval 2008/08/13 v2.6a package option processing (HA)

(D:\CTEX\MiKTeX\tex\generic\xkeyval\xkeyval.tex
\XKV@toks=\toks19
\XKV@tempa@toks=\toks20
\XKV@depth=\count112
File: xkeyval.tex 2008/08/13 v2.6a key=value parser (HA)
)))
(D:\CTEX\MiKTeX\tex\generic\pstricks\base\pst-fp.tex
`pst-fp' v0.05, 2010/01/17 (hv)
\pstFP@xs=\count113
\pstFP@xia=\count114
\pstFP@xib=\count115
\pstFP@xfa=\count116
\pstFP@xfb=\count117
\pstFP@rega=\count118
\pstFP@regb=\count119
\pstFP@regs=\count120
\pstFP@times=\count121
)
\psLoopIndex=\count122

`PSTricks' v2.24  <2012/02/09> (tvz)
\pst@dima=\dimen117
\pst@dimb=\dimen118
\pst@dimc=\dimen119
\pst@dimd=\dimen120
\pst@dimg=\dimen121
\pst@dimh=\dimen122
\pst@dimm=\dimen123
\pst@dimn=\dimen124
\pst@dimo=\dimen125
\pst@dimp=\dimen126
\pst@hbox=\box31
\pst@ibox=\box32
\pst@boxg=\box33
\pst@cnta=\count123
\pst@cntb=\count124
\pst@cntc=\count125
\pst@cntd=\count126
\pst@cntg=\count127
\pst@cnth=\count128
\pst@cntm=\count129
\pst@cntn=\count130
\pst@cnto=\count131
\pst@cntp=\count132
\@zero=\count133
\pst@toks=\toks21
(D:\CTEX\MiKTeX\tex\generic\pstricks\base\pstricks.con)
\psunit=\dimen127
\psxunit=\dimen128
\psyunit=\dimen129
\pst@C@@rType=\count134
\pslinewidth=\dimen130
\psk@startLW=\dimen131
\psk@endLW=\dimen132
\pst@customdefs=\toks22
\pslinearc=\dimen133
\pst@symbolStep=\dimen134
\pst@symbolWidth=\dimen135
\everypsbox=\toks23
\psframesep=\dimen136
\pslabelsep=\dimen137
\pst@shift=\dimen138
\theoverlaybox=\box34
)
File: pstricks.tex 2012/02/09 v2.24 `PSTricks' (tvz,hv)

(D:\CTEX\MiKTeX\tex\generic\pstricks\base\pst-fp.tex)
File: pst-fp.tex 2012/02/09 v2.24 `PST-fp' (hv)

(D:\CTEX\MiKTeX\tex\latex\xcolor\xcolor.sty
Package: xcolor 2007/01/21 v2.11 LaTeX color extensions (UK)

(D:\CTEX\MiKTeX\tex\latex\00miktex\color.cfg
File: color.cfg 2007/01/18 v1.5 color configuration of teTeX/TeXLive
)
Package xcolor Info: Driver file: pdftex.def on input line 225.
Package xcolor Info: Model `cmy' substituted by `cmy0' on input line 1337.
Package xcolor Info: Model `hsb' substituted by `rgb' on input line 1341.
Package xcolor Info: Model `RGB' extended on input line 1353.
Package xcolor Info: Model `HTML' substituted by `rgb' on input line 1355.
Package xcolor Info: Model `Hsb' substituted by `hsb' on input line 1356.
Package xcolor Info: Model `tHsb' substituted by `hsb' on input line 1357.
Package xcolor Info: Model `HSB' substituted by `hsb' on input line 1358.
Package xcolor Info: Model `Gray' substituted by `gray' on input line 1359.
Package xcolor Info: Model `wave' substituted by `hsb' on input line 1360.
))
(D:\CTEX\MiKTeX\tex\latex\xkeyval\pst-xkey.sty
Package: pst-xkey 2005/11/25 v1.6 package wrapper for pst-xkey.tex (HA)
)
(D:\CTEX\MiKTeX\tex\latex\multido\multido.sty
Package: multido 2004/05/17 package wrapper for PSTricks `multido.tex', (HV/RN)


(D:\CTEX\MiKTeX\tex\generic\multido\multido.tex  v1.42, 2010/05/14 <tvz>
\multido@count=\count135
\multidocount=\count136
\multido@stuff=\toks24
)
File: multido.tex 2010/05/14 v1.42 `multido' (tvz,hv)
)
Package: pst-plot 2011/04/13 package wrapper for pst-plot.tex (hv)

(D:\CTEX\MiKTeX\tex\generic\pst-plot\pst-plot.tex  v1.38, 2012/02/23 (tvz,hv)
\pstRadUnit=\dimen139
\pstRadUnitInv=\dimen140
\pst@linecnt=\count137
\psxlabelsep=\dimen141
\psylabelsep=\dimen142
\psk@subticksize=\dimen143
\pst@xticksizeA=\dimen144
\pst@xticksizeB=\dimen145
\pst@xticksizeC=\dimen146
\pst@yticksizeA=\dimen147
\pst@yticksizeB=\dimen148
\pst@yticksizeC=\dimen149
\@digitcounter=\count138
\psk@llx=\dimen150
\psk@lly=\dimen151
\psk@urx=\dimen152
\psk@ury=\dimen153
\pst@xunit=\dimen154
\pst@yunit=\dimen155
)
File: pst-plot.tex 2012/02/23 1.38 `pst-plot' (tvz,hv)
) (D:\CTEX\MiKTeX\tex\latex\pst-eps\pst-eps.sty
Package: pst-eps 2005/05/20 package wrapper for pst-eps.tex (hv)

(D:\CTEX\MiKTeX\tex\generic\pst-eps\pst-eps.tex  v1.00, 2006/11/04
\pst@epsout=\write4
\pst@tempout=\write5
)
File: pst-eps.tex 2006/11/04 1.00 `pst-eps' (tvz)
)
(D:\CTEX\MiKTeX\tex\latex\pst-grad\pst-grad.sty
Package: pst-grad 2004/07/15 package wrapper for pst-grad.tex (hv)

(D:\CTEX\MiKTeX\tex\generic\pst-grad\pst-grad.tex
`pst-grad' v1.06, 2006/11/27 (tvz,dg,hv))
File: pst-grad.tex 2006/11/27 1.06 `pst-grad' (tvz)
)
("D:\Tao\Documents\Latex Project\elsarticle\elsarticle-template-harv.aux")
LaTeX Font Info:    Checking defaults for OML/cmm/m/it on input line 69.
LaTeX Font Info:    ... okay on input line 69.
LaTeX Font Info:    Checking defaults for T1/cmr/m/n on input line 69.
LaTeX Font Info:    ... okay on input line 69.
LaTeX Font Info:    Checking defaults for OT1/cmr/m/n on input line 69.
LaTeX Font Info:    ... okay on input line 69.
LaTeX Font Info:    Checking defaults for OMS/cmsy/m/n on input line 69.
LaTeX Font Info:    ... okay on input line 69.
LaTeX Font Info:    Checking defaults for OMX/cmex/m/n on input line 69.
LaTeX Font Info:    ... okay on input line 69.
LaTeX Font Info:    Checking defaults for U/cmr/m/n on input line 69.
LaTeX Font Info:    ... okay on input line 69.
LaTeX Font Info:    Checking defaults for PD1/pdf/m/n on input line 69.
LaTeX Font Info:    ... okay on input line 69.

(D:\CTEX\MiKTeX\tex\context\base\supp-pdf.mkii
[Loading MPS to PDF converter (version 2006.09.02).]
\scratchcounter=\count139
\scratchdimen=\dimen156
\scratchbox=\box35
\nofMPsegments=\count140
\nofMParguments=\count141
\everyMPshowfont=\toks25
\MPscratchCnt=\count142
\MPscratchDim=\dimen157
\MPnumerator=\count143
\makeMPintoPDFobject=\count144
\everyMPtoPDFconversion=\toks26
)
\AtBeginShipoutBox=\box36
Package hyperref Info: Link coloring ON on input line 69.
 (D:\CTEX\MiKTeX\tex\latex\hyperref\nameref.sty
Package: nameref 2010/04/30 v2.40 Cross-referencing by name of section

(D:\CTEX\MiKTeX\tex\generic\oberdiek\gettitlestring.sty
Package: gettitlestring 2010/12/03 v1.4 Cleanup title references (HO)
)
\c@section@level=\count145
)
LaTeX Info: Redefining \ref on input line 69.
LaTeX Info: Redefining \pageref on input line 69.
LaTeX Info: Redefining \nameref on input line 69.

("D:\Tao\Documents\Latex Project\elsarticle\elsarticle-template-harv.out")
("D:\Tao\Documents\Latex Project\elsarticle\elsarticle-template-harv.out")
\@outlinefile=\write6
LaTeX Font Info:    Try loading font information for U+msa on input line 131.

(D:\CTEX\MiKTeX\tex\latex\amsfonts\umsa.fd
File: umsa.fd 2009/06/22 v3.00 AMS symbols A
)
LaTeX Font Info:    Try loading font information for U+msb on input line 131.

(D:\CTEX\MiKTeX\tex\latex\amsfonts\umsb.fd
File: umsb.fd 2009/06/22 v3.00 AMS symbols B
) [1
Non-PDF special ignored!
Non-PDF special ignored!
Non-PDF special ignored!
Non-PDF special ignored!
Non-PDF special ignored!


Non-PDF special ignored!
Non-PDF special ignored!

{D:/CTEX/UserData/pdftex/config/pdftex.map{Unicode.sfd}{UGBK.sfd}}] [2] <figure
s/Fig1.pdf, id=98, 311.832pt x 183.25665pt>
File: figures/Fig1.pdf Graphic file (type pdf)

<use figures/Fig1.pdf>
Package pdftex.def Info: figures/Fig1.pdf used on input line 159.
(pdftex.def)             Requested size: 227.62204pt x 133.76784pt.
 [3 <D:/Tao/Documents/Latex Project/elsarticle/figures/Fig1.pdf>]
("D:\Tao\Documents\Latex Project\elsarticle\elsarticle-template-harv.bbl"
[4] [5])
Package atveryend Info: Empty hook `BeforeClearDocument' on input line 205.
 [6]
Package atveryend Info: Empty hook `AfterLastShipout' on input line 205.

("D:\Tao\Documents\Latex Project\elsarticle\elsarticle-template-harv.aux")
Package atveryend Info: Executing hook `AtVeryEndDocument' on input line 205.
Package atveryend Info: Executing hook `AtEndAfterFileList' on input line 205.


Package rerunfilecheck Warning: File `elsarticle-template-harv.out' has changed
.
(rerunfilecheck)                Rerun to get outlines right
(rerunfilecheck)                or use package `bookmark'.

Package rerunfilecheck Info: Checksums for `elsarticle-template-harv.out':
(rerunfilecheck)             Before: FE8D51A7B7B6F082665785D7B2E8568C;1740
(rerunfilecheck)             After:  5925F178C77FD6B0603BCA56AA243907;486.
 ) 
Here is how much of TeX's memory you used:
 8685 strings out of 495354
 124929 string characters out of 3183860
 252016 words of memory out of 3000000
 11679 multiletter control sequences out of 15000+200000
 13142 words of font info for 50 fonts, out of 3000000 for 9000
 14 hyphenation exceptions out of 8191
 39i,7n,52p,2650b,447s stack positions out of 5000i,500n,10000p,200000b,50000s
<D:/CTEX/MiKTeX/fonts/type1/public/amsfonts/cm/cmbx12.pfb><D:/CTEX/MiKTeX/fon
ts/type1/public/amsfonts/cm/cmmi10.pfb><D:/CTEX/MiKTeX/fonts/type1/public/amsfo
nts/cm/cmmi12.pfb><D:/CTEX/MiKTeX/fonts/type1/public/amsfonts/cm/cmmi8.pfb><D:/
CTEX/MiKTeX/fonts/type1/public/amsfonts/cm/cmr10.pfb><D:/CTEX/MiKTeX/fonts/type
1/public/amsfonts/cm/cmr12.pfb><D:/CTEX/MiKTeX/fonts/type1/public/amsfonts/cm/c
mr17.pfb><D:/CTEX/MiKTeX/fonts/type1/public/amsfonts/cm/cmr8.pfb><D:/CTEX/MiKTe
X/fonts/type1/public/amsfonts/cm/cmsl12.pfb><D:/CTEX/MiKTeX/fonts/type1/public/
amsfonts/cm/cmss8.pfb><D:/CTEX/MiKTeX/fonts/type1/public/amsfonts/cm/cmsy10.pfb
><D:/CTEX/MiKTeX/fonts/type1/public/amsfonts/cm/cmsy7.pfb><D:/CTEX/MiKTeX/fonts
/type1/public/amsfonts/cm/cmsy8.pfb><D:/CTEX/MiKTeX/fonts/type1/public/amsfonts
/cm/cmti10.pfb><D:/CTEX/MiKTeX/fonts/type1/public/amsfonts/cm/cmti12.pfb><D:/CT
EX/MiKTeX/fonts/type1/public/amsfonts/cm/cmti7.pfb><D:/CTEX/MiKTeX/fonts/type1/
public/amsfonts/cm/cmtt10.pfb>
Output written on elsarticle-template-harv.pdf (6 pages, 1027766 bytes).
PDF statistics:
 259 PDF objects out of 1000 (max. 8388607)
 41 named destinations out of 1000 (max. 500000)
 70 words of extra memory for PDF output out of 10000 (max. 10000000)

